<?xml version="1.0" encoding="UTF-8"?>
<robot generator="Robot 3.0.4 (Python 3.7.3 on win32)" generated="20191202 14:42:31.038">
<suite id="s1" name="Login Tests" source="C:\Users\skal\Desktop\automation-poc\test-suite\login_tests.robot">
<test id="s1-t1" name="Validate Successful login">
<kw name="Initialise Application" library="common_keywords" type="setup">
<kw name="Open Browser" library="SeleniumLibrary">
<doc>Opens a new browser instance to the given ``url``.</doc>
<arguments>
<arg>${APPURL}</arg>
<arg>${BROWSER}</arg>
</arguments>
<msg timestamp="20191202 14:42:31.408" level="INFO">Opening browser 'Chrome' to base url 'http://10.75.49.60:8084/index'.</msg>
<status status="PASS" starttime="20191202 14:42:31.408" endtime="20191202 14:42:37.900"></status>
</kw>
<kw name="Maximize Browser Window" library="SeleniumLibrary">
<doc>Maximizes current browser window.</doc>
<status status="PASS" starttime="20191202 14:42:37.901" endtime="20191202 14:42:42.048"></status>
</kw>
<kw name="Validate Initialisation" library="common_keywords">
<kw name="Title Should Be" library="SeleniumLibrary">
<doc>Verifies that current page title equals ``title``.</doc>
<arguments>
<arg>${HOME_PAGE_TITLE}</arg>
</arguments>
<msg timestamp="20191202 14:42:42.054" level="INFO">Page title is 'User Front'.</msg>
<status status="PASS" starttime="20191202 14:42:42.049" endtime="20191202 14:42:42.054"></status>
</kw>
<status status="PASS" starttime="20191202 14:42:42.048" endtime="20191202 14:42:42.054"></status>
</kw>
<status status="PASS" starttime="20191202 14:42:31.408" endtime="20191202 14:42:42.054"></status>
</kw>
<kw name="When User Enters Username" library="login_keywords">
<arguments>
<arg>dhiresh</arg>
</arguments>
<kw name="Input Text" library="SeleniumLibrary">
<doc>Types the given ``text`` into text field identified by ``locator``.</doc>
<arguments>
<arg>${USERNAME_ELEMENT}</arg>
<arg>${USERNAME}</arg>
</arguments>
<msg timestamp="20191202 14:42:42.054" level="INFO">Typing text 'dhiresh' into text field '//input[@name="username"]'.</msg>
<status status="PASS" starttime="20191202 14:42:42.054" endtime="20191202 14:42:42.134"></status>
</kw>
<status status="PASS" starttime="20191202 14:42:42.054" endtime="20191202 14:42:42.134"></status>
</kw>
<kw name="AND User Enters Password" library="login_keywords">
<arguments>
<arg>dhires</arg>
</arguments>
<kw name="Input Text" library="SeleniumLibrary">
<doc>Types the given ``text`` into text field identified by ``locator``.</doc>
<arguments>
<arg>${PASSWORD_ELEMENT}</arg>
<arg>${PASSWORD}</arg>
</arguments>
<msg timestamp="20191202 14:42:42.135" level="INFO">Typing text 'dhires' into text field '//input[@name="password"]'.</msg>
<status status="PASS" starttime="20191202 14:42:42.135" endtime="20191202 14:42:42.221"></status>
</kw>
<status status="PASS" starttime="20191202 14:42:42.135" endtime="20191202 14:42:42.221"></status>
</kw>
<kw name="AND Click Signin button" library="login_keywords">
<kw name="Click Button" library="SeleniumLibrary">
<doc>Clicks button identified by ``locator``.</doc>
<arguments>
<arg>${SIGN_IN_BUTTON}</arg>
</arguments>
<msg timestamp="20191202 14:42:42.222" level="INFO">Clicking button '//button[@class="btn btn-lg btn-primary btn-block"]'.</msg>
<status status="PASS" starttime="20191202 14:42:42.222" endtime="20191202 14:42:44.243"></status>
</kw>
<status status="PASS" starttime="20191202 14:42:42.222" endtime="20191202 14:42:44.243"></status>
</kw>
<kw name="Then User can see dashboard" library="login_keywords">
<kw name="Sleep" library="BuiltIn">
<doc>Pauses the test executed for the given time.</doc>
<arguments>
<arg>5 seconds</arg>
</arguments>
<msg timestamp="20191202 14:42:49.245" level="INFO">Slept 5 seconds</msg>
<status status="PASS" starttime="20191202 14:42:44.244" endtime="20191202 14:42:49.245"></status>
</kw>
<kw name="Get Location" library="SeleniumLibrary">
<doc>Returns the current browser URL.</doc>
<assign>
<var>${URL}</var>
</assign>
<msg timestamp="20191202 14:42:49.249" level="INFO">${URL} = http://10.75.49.60:8084/index?error</msg>
<status status="PASS" starttime="20191202 14:42:49.245" endtime="20191202 14:42:49.249"></status>
</kw>
<kw name="Should Be Equal As Strings" library="BuiltIn">
<doc>Fails if objects are unequal after converting them to strings.</doc>
<arguments>
<arg>${URL}</arg>
<arg>${DASHBOARD_URL}</arg>
</arguments>
<msg timestamp="20191202 14:42:49.249" level="FAIL">http://10.75.49.60:8084/index?error != http://10.75.49.60:8084/userFront</msg>
<status status="FAIL" starttime="20191202 14:42:49.249" endtime="20191202 14:42:49.249"></status>
</kw>
<status status="FAIL" starttime="20191202 14:42:44.244" endtime="20191202 14:42:49.249"></status>
</kw>
<kw name="Terminate Application" library="common_keywords" type="teardown">
<kw name="Run Keyword If Test Failed" library="BuiltIn">
<doc>Runs the given keyword with the given arguments, if the test failed.</doc>
<arguments>
<arg>Capture page screenshot</arg>
</arguments>
<kw name="Capture Page Screenshot" library="SeleniumLibrary">
<doc>Takes screenshot of the current page and embeds it into log file.</doc>
<msg timestamp="20191202 14:42:49.641" level="INFO" html="yes">&lt;/td&gt;&lt;/tr&gt;&lt;tr&gt;&lt;td colspan="3"&gt;&lt;a href="../front-end-screenshots/selenium-screenshot-1.png"&gt;&lt;img src="../front-end-screenshots/selenium-screenshot-1.png" width="800px"&gt;&lt;/a&gt;</msg>
<status status="PASS" starttime="20191202 14:42:49.249" endtime="20191202 14:42:49.641"></status>
</kw>
<status status="PASS" starttime="20191202 14:42:49.249" endtime="20191202 14:42:49.641"></status>
</kw>
<kw name="Close Browser" library="SeleniumLibrary">
<doc>Closes the current browser.</doc>
<status status="PASS" starttime="20191202 14:42:49.641" endtime="20191202 14:42:51.826"></status>
</kw>
<status status="PASS" starttime="20191202 14:42:49.249" endtime="20191202 14:42:51.826"></status>
</kw>
<doc>Test Case for valid Login after entering valid username and password</doc>
<tags>
<tag>Login</tag>
<tag>Smoke</tag>
</tags>
<status status="FAIL" starttime="20191202 14:42:31.408" endtime="20191202 14:42:51.826" critical="yes">http://10.75.49.60:8084/index?error != http://10.75.49.60:8084/userFront</status>
</test>
<status status="FAIL" starttime="20191202 14:42:31.038" endtime="20191202 14:42:51.826"></status>
</suite>
<statistics>
<total>
<stat pass="0" fail="1">Critical Tests</stat>
<stat pass="0" fail="1">All Tests</stat>
</total>
<tag>
<stat pass="0" fail="1">Login</stat>
<stat pass="0" fail="1">Smoke</stat>
</tag>
<suite>
<stat pass="0" fail="1" id="s1" name="Login Tests">Login Tests</stat>
</suite>
</statistics>
<errors>
</errors>
</robot>
