<?xml version="1.0" encoding="UTF-8"?>
<robot generator="Robot 3.0.4 (Python 3.7.3 on win32)" generated="20191202 14:04:49.400">
<suite id="s1" name="Login Tests" source="C:\Users\skal\Desktop\automation-poc\test-suite\login_tests.robot">
<test id="s1-t1" name="Validate Successful login">
<kw name="Initialise Application" library="common_keywords" type="setup">
<kw name="Open Browser" library="SeleniumLibrary">
<doc>Opens a new browser instance to the given ``url``.</doc>
<arguments>
<arg>${APPURL}</arg>
<arg>${BROWSER}</arg>
</arguments>
<msg timestamp="20191202 14:04:49.746" level="INFO">Opening browser 'Chrome' to base url 'http://10.75.49.60:8084/index'.</msg>
<status status="PASS" starttime="20191202 14:04:49.746" endtime="20191202 14:04:56.650"></status>
</kw>
<kw name="Maximize Browser Window" library="SeleniumLibrary">
<doc>Maximizes current browser window.</doc>
<status status="PASS" starttime="20191202 14:04:56.650" endtime="20191202 14:05:00.835"></status>
</kw>
<kw name="Validate Initialisation" library="common_keywords">
<kw name="Title Should Be" library="SeleniumLibrary">
<doc>Verifies that current page title equals ``title``.</doc>
<arguments>
<arg>${HOME_PAGE_TITLE}</arg>
</arguments>
<msg timestamp="20191202 14:05:00.835" level="INFO">Page title is 'User Front'.</msg>
<status status="PASS" starttime="20191202 14:05:00.835" endtime="20191202 14:05:00.835"></status>
</kw>
<status status="PASS" starttime="20191202 14:05:00.835" endtime="20191202 14:05:00.835"></status>
</kw>
<status status="PASS" starttime="20191202 14:04:49.746" endtime="20191202 14:05:00.835"></status>
</kw>
<kw name="When User Enters Username" library="login_keywords">
<arguments>
<arg>dhiresh</arg>
</arguments>
<kw name="Input Text" library="SeleniumLibrary">
<doc>Types the given ``text`` into text field identified by ``locator``.</doc>
<arguments>
<arg>${USERNAME_ELEMENT}</arg>
<arg>${USERNAME}</arg>
</arguments>
<msg timestamp="20191202 14:05:00.835" level="INFO">Typing text 'dhiresh' into text field '//input[@name="username"]'.</msg>
<status status="PASS" starttime="20191202 14:05:00.835" endtime="20191202 14:05:00.926"></status>
</kw>
<status status="PASS" starttime="20191202 14:05:00.835" endtime="20191202 14:05:00.926"></status>
</kw>
<kw name="AND User Enters Password" library="login_keywords">
<arguments>
<arg>dhiresh</arg>
</arguments>
<kw name="Input Text" library="SeleniumLibrary">
<doc>Types the given ``text`` into text field identified by ``locator``.</doc>
<arguments>
<arg>${PASSWORD_ELEMENT}</arg>
<arg>${PASSWORD}</arg>
</arguments>
<msg timestamp="20191202 14:05:00.927" level="INFO">Typing text 'dhiresh' into text field '//input[@name="password"]'.</msg>
<status status="PASS" starttime="20191202 14:05:00.927" endtime="20191202 14:05:01.022"></status>
</kw>
<status status="PASS" starttime="20191202 14:05:00.927" endtime="20191202 14:05:01.022"></status>
</kw>
<kw name="AND Click Signin button" library="login_keywords">
<kw name="Click Button" library="SeleniumLibrary">
<doc>Clicks button identified by ``locator``.</doc>
<arguments>
<arg>${SIGN_IN_BUTTON}</arg>
</arguments>
<msg timestamp="20191202 14:05:01.023" level="INFO">Clicking button '//button[@class="btn btn-lg btn-primary btn-block"]'.</msg>
<status status="PASS" starttime="20191202 14:05:01.023" endtime="20191202 14:05:03.200"></status>
</kw>
<status status="PASS" starttime="20191202 14:05:01.023" endtime="20191202 14:05:03.200"></status>
</kw>
<kw name="Then User can see dashboard" library="login_keywords">
<kw name="Sleep" library="BuiltIn">
<doc>Pauses the test executed for the given time.</doc>
<arguments>
<arg>5 seconds</arg>
</arguments>
<msg timestamp="20191202 14:05:08.206" level="INFO">Slept 5 seconds</msg>
<status status="PASS" starttime="20191202 14:05:03.201" endtime="20191202 14:05:08.206"></status>
</kw>
<kw name="Get Location" library="SeleniumLibrary">
<doc>Returns the current browser URL.</doc>
<assign>
<var>${URL}</var>
</assign>
<msg timestamp="20191202 14:05:08.206" level="INFO">${URL} = http://10.75.49.60:8084/userFront</msg>
<status status="PASS" starttime="20191202 14:05:08.206" endtime="20191202 14:05:08.206"></status>
</kw>
<kw name="Should Be Equal As Strings" library="BuiltIn">
<doc>Fails if objects are unequal after converting them to strings.</doc>
<arguments>
<arg>${URL}</arg>
<arg>${DASHBOARD_URL}</arg>
</arguments>
<status status="PASS" starttime="20191202 14:05:08.206" endtime="20191202 14:05:08.206"></status>
</kw>
<status status="PASS" starttime="20191202 14:05:03.200" endtime="20191202 14:05:08.206"></status>
</kw>
<kw name="Log" library="BuiltIn">
<doc>Logs the given message with the given level.</doc>
<arguments>
<arg>Validate Successful login - Test case execution completed</arg>
</arguments>
<msg timestamp="20191202 14:05:08.206" level="INFO">Validate Successful login - Test case execution completed</msg>
<status status="PASS" starttime="20191202 14:05:08.206" endtime="20191202 14:05:08.206"></status>
</kw>
<kw name="Terminate Application" library="common_keywords" type="teardown">
<kw name="Close Browser" library="SeleniumLibrary">
<doc>Closes the current browser.</doc>
<status status="PASS" starttime="20191202 14:05:08.206" endtime="20191202 14:05:10.380"></status>
</kw>
<status status="PASS" starttime="20191202 14:05:08.206" endtime="20191202 14:05:10.380"></status>
</kw>
<doc>Test Case for valid Login after entering valid username and password</doc>
<tags>
<tag>Login</tag>
<tag>Smoke</tag>
</tags>
<status status="PASS" starttime="20191202 14:04:49.746" endtime="20191202 14:05:10.380" critical="yes"></status>
</test>
<status status="PASS" starttime="20191202 14:04:49.400" endtime="20191202 14:05:10.380"></status>
</suite>
<statistics>
<total>
<stat pass="1" fail="0">Critical Tests</stat>
<stat pass="1" fail="0">All Tests</stat>
</total>
<tag>
<stat pass="1" fail="0">Login</stat>
<stat pass="1" fail="0">Smoke</stat>
</tag>
<suite>
<stat pass="1" fail="0" id="s1" name="Login Tests">Login Tests</stat>
</suite>
</statistics>
<errors>
</errors>
</robot>
